New log file opened at Thu Jan 21 00:37:13 IST 2016 by 25979@datsi03mac1234
Taking next connection to: 50160
New client attempting to connect on port: 50161-50160
  Address = /192.168.1.6:50160
This client on port 50161 has uuid 7279b812-93c6-4bbf-86f6-c0fbc4668850 configName play-fork-run humanReadableName Play Fork Run protocolVersion 1 featureTags Vector()
Connected Clients: play-fork-run-7279b812-93c6-4bbf-86f6-c0fbc4668850
Taking next connection to: 50160
New client attempting to connect on port: 50202-50160
  Address = /192.168.1.6:50160
Handshake exception on socket: 50202
sbt.impl.ipc.HandshakeException: Unable to perform handshake
	at sbt.impl.ipc.Peer.handshake(IPC.scala:46)
	at sbt.impl.ipc.MultiClientServer.<init>(IPC.scala:150)
	at sbt.server.SbtServerSocketHandler$$anon$1.run(SbtServerSocketHandler.scala:43)
Caused by: java.io.EOFException
	at java.io.DataInputStream.readInt(DataInputStream.java:392)
	at sbt.impl.ipc.Peer.receive(IPC.scala:95)
	at sbt.impl.ipc.Peer.handshake(IPC.scala:49)
	... 2 more
Taking next connection to: 50160
New client attempting to connect on port: 50203-50160
  Address = /192.168.1.6:50160
This client on port 50203 has uuid 40aaf23c-eb68-4189-83cb-ce1abca618ee configName play-fork-run humanReadableName Play Fork Run protocolVersion 1 featureTags Vector()
Connected Clients: play-fork-run-40aaf23c-eb68-4189-83cb-ce1abca618ee
Taking next connection to: 50160
New client attempting to connect on port: 50248-50160
  Address = /192.168.1.6:50160
Handshake exception on socket: 50248
sbt.impl.ipc.HandshakeException: Unable to perform handshake
	at sbt.impl.ipc.Peer.handshake(IPC.scala:46)
	at sbt.impl.ipc.MultiClientServer.<init>(IPC.scala:150)
	at sbt.server.SbtServerSocketHandler$$anon$1.run(SbtServerSocketHandler.scala:43)
Caused by: java.io.EOFException
	at java.io.DataInputStream.readInt(DataInputStream.java:392)
	at sbt.impl.ipc.Peer.receive(IPC.scala:95)
	at sbt.impl.ipc.Peer.handshake(IPC.scala:49)
	... 2 more
Taking next connection to: 50160
New client attempting to connect on port: 50249-50160
  Address = /192.168.1.6:50160
This client on port 50249 has uuid 48c3e488-4e98-4893-bd79-fee5c89191f7 configName play-fork-run humanReadableName Play Fork Run protocolVersion 1 featureTags Vector()
Connected Clients: play-fork-run-48c3e488-4e98-4893-bd79-fee5c89191f7
Taking next connection to: 50160
New client attempting to connect on port: 50294-50160
  Address = /192.168.1.6:50160
Handshake exception on socket: 50294
sbt.impl.ipc.HandshakeException: Unable to perform handshake
	at sbt.impl.ipc.Peer.handshake(IPC.scala:46)
	at sbt.impl.ipc.MultiClientServer.<init>(IPC.scala:150)
	at sbt.server.SbtServerSocketHandler$$anon$1.run(SbtServerSocketHandler.scala:43)
Caused by: java.io.EOFException
	at java.io.DataInputStream.readInt(DataInputStream.java:392)
	at sbt.impl.ipc.Peer.receive(IPC.scala:95)
	at sbt.impl.ipc.Peer.handshake(IPC.scala:49)
	... 2 more
Taking next connection to: 50160
New client attempting to connect on port: 50295-50160
  Address = /192.168.1.6:50160
This client on port 50295 has uuid c1ddb014-b863-47de-a1f1-46181f0b0328 configName play-fork-run humanReadableName Play Fork Run protocolVersion 1 featureTags Vector()
Connected Clients: play-fork-run-c1ddb014-b863-47de-a1f1-46181f0b0328
Taking next connection to: 50160
Checking to see if clients are empty...
No non-daemon clients connected after 3 min. Shutting down.
Server socket thread exiting.
0 clients open, will close them...
All client sockets have been closed.
Closing the 25979@datsi03mac1234 logs at Thu Jan 21 00:46:03 IST 2016, goodbye.
